Sample	RankedTree	
0	1	
1	1	
2	2	
3	2	
4	2	
5	2	
6	2	
7	2	
8	0	
9	0	
10	0	
11	0	
12	0	
13	2	
14	2	
15	2	
16	0	
17	1	
18	2	
19	2	
20	2	
21	2	
22	2	
23	2	
24	2	
25	2	
26	1	
27	0	
28	0	
29	2	
30	0	
31	0	
32	1	
33	2	
34	2	
35	2	
36	2	
37	2	
38	2	
39	0	
40	0	
41	0	
42	0	
43	2	
44	1	
45	1	
46	2	
47	1	
48	2	
49	2	
50	2	
51	0	
52	2	
53	0	
54	0	
55	1	
56	2	
57	2	
58	2	
59	2	
60	2	
61	2	
62	2	
63	2	
64	2	
65	1	
66	2	
67	0	
68	0	
69	0	
70	0	
71	0	
72	0	
73	0	
74	1	
75	2	
76	2	
77	0	
78	0	
79	0	
80	2	
81	2	
82	2	
83	2	
84	2	
85	2	
86	2	
87	2	
88	2	
89	2	
90	0	
91	0	
92	0	
93	0	
94	0	
95	0	
96	0	
97	0	
98	0	
99	0	
100	0	
101	0	
102	0	
103	0	
104	0	
105	0	
106	0	
107	0	
108	0	
109	0	
110	0	
111	0	
112	0	
113	0	
114	0	
115	0	
116	0	
117	0	
118	0	
119	2	
120	1	
121	1	
122	0	
123	2	
124	2	
125	2	
126	1	
127	2	
128	2	
129	2	
130	1	
131	0	
132	0	
133	0	
134	0	
135	0	
136	0	
137	0	
138	0	
139	0	
140	0	
141	0	
142	0	
143	0	
144	0	
145	0	
146	0	
147	0	
148	0	
149	0	
150	0	
151	0	
152	0	
153	1	
154	1	
155	1	
156	1	
157	0	
158	1	
159	1	
160	2	
161	0	
162	1	
163	2	
164	2	
165	2	
166	2	
167	2	
168	2	
169	2	
170	2	
171	2	
172	1	
173	1	
174	1	
175	0	
176	0	
177	0	
178	0	
179	2	
180	0	
181	0	
182	0	
183	0	
184	0	
185	1	
186	1	
187	1	
188	1	
189	1	
190	1	
191	2	
192	2	
193	1	
194	1	
195	1	
196	1	
197	2	
198	1	
199	2	
200	0	
201	0	
202	0	
203	0	
204	0	
205	0	
206	0	
207	0	
208	0	
209	0	
210	0	
211	0	
212	2	
213	1	
214	1	
215	1	
216	0	
217	0	
218	2	
219	2	
220	1	
221	1	
222	0	
223	0	
224	0	
225	0	
226	0	
227	0	
228	0	
229	0	
230	0	
231	0	
232	0	
233	0	
234	0	
235	0	
236	0	
237	0	
238	0	
239	0	
240	0	
241	1	
242	0	
243	0	
244	0	
245	2	
246	0	
247	0	
248	0	
249	0	
250	0	
251	0	
252	0	
253	0	
254	0	
255	0	
256	0	
257	0	
258	0	
259	0	
260	2	
261	2	
262	2	
263	0	
264	2	
265	0	
266	2	
267	2	
268	2	
269	2	
270	2	
271	2	
272	2	
273	2	
274	2	
275	1	
276	1	
277	1	
278	1	
279	1	
280	1	
281	1	
282	1	
283	1	
284	1	
285	1	
286	1	
287	1	
288	1	
289	1	
290	1	
291	1	
292	1	
293	1	
294	1	
295	1	
296	1	
297	2	
298	2	
299	2	
300	2	
301	2	
302	2	
303	2	
304	2	
305	2	
306	2	
307	2	
308	2	
309	2	
310	2	
311	2	
312	2	
313	2	
314	2	
315	2	
316	2	
317	1	
318	1	
319	1	
320	0	
321	0	
322	1	
323	2	
324	2	
325	2	
326	2	
327	1	
328	2	
329	2	
330	2	
331	2	
332	2	
333	2	
334	2	
335	2	
336	1	
337	0	
338	0	
339	0	
340	0	
341	0	
342	0	
343	0	
344	0	
345	0	
346	0	
347	0	
348	0	
349	0	
350	0	
351	0	
352	0	
353	0	
354	0	
355	0	
356	0	
357	0	
358	0	
359	0	
360	0	
361	0	
362	0	
363	2	
364	2	
365	2	
366	2	
367	2	
368	2	
369	2	
370	1	
371	1	
372	1	
373	1	
374	2	
375	2	
376	2	
377	1	
378	0	
379	0	
380	2	
381	2	
382	2	
383	2	
384	2	
385	1	
386	2	
387	0	
388	2	
389	0	
390	0	
391	0	
392	2	
393	1	
394	1	
395	1	
396	1	
397	1	
398	0	
399	0	
400	0	
401	0	
402	0	
403	1	
404	2	
405	1	
406	0	
407	0	
408	0	
409	0	
410	2	
411	2	
412	2	
413	2	
414	0	
415	1	
416	1	
417	1	
418	1	
419	1	
420	1	
421	1	
422	1	
423	1	
424	1	
425	1	
426	1	
427	1	
428	1	
429	0	
430	1	
431	1	
432	1	
433	1	
434	1	
435	1	
436	1	
437	1	
438	1	
439	1	
440	1	
441	2	
442	0	
443	0	
444	0	
445	0	
446	0	
447	0	
448	0	
449	1	
450	1	
451	1	
452	1	
453	1	
454	1	
455	1	
456	1	
457	1	
458	1	
459	1	
460	1	
461	1	
462	1	
463	1	
464	1	
465	1	
466	1	
467	1	
468	1	
469	1	
470	1	
471	1	
472	1	
473	1	
474	1	
475	1	
476	1	
477	1	
478	1	
479	1	
480	1	
481	1	
482	1	
483	1	
484	1	
485	1	
486	1	
487	1	
488	1	
489	1	
490	1	
491	1	
492	1	
493	0	
494	0	
495	0	
496	0	
497	0	
498	0	
499	0	
500	0	
501	0	
502	0	
503	1	
504	1	
505	0	
506	0	
507	0	
508	2	
509	2	
510	1	
511	0	
512	0	
513	0	
514	0	
515	0	
516	0	
517	0	
518	0	
519	0	
520	0	
521	0	
522	1	
523	2	
524	2	
525	2	
526	0	
527	0	
528	0	
529	0	
530	1	
531	1	
532	0	
533	0	
534	0	
535	0	
536	0	
537	0	
538	0	
539	0	
540	0	
541	0	
542	0	
543	0	
544	0	
545	0	
546	0	
547	0	
548	0	
549	0	
550	0	
551	0	
552	0	
553	0	
554	0	
555	2	
556	1	
557	2	
558	0	
559	2	
560	2	
561	0	
562	2	
563	2	
564	2	
565	2	
566	1	
567	1	
568	1	
569	1	
570	1	
571	0	
572	0	
573	0	
574	0	
575	0	
576	0	
577	0	
578	0	
579	0	
580	0	
581	0	
582	0	
583	0	
584	0	
585	0	
586	0	
587	0	
588	0	
589	0	
590	0	
591	0	
592	0	
593	0	
594	0	
595	0	
596	0	
597	0	
598	0	
599	0	
600	0	
601	0	
602	0	
603	0	
604	0	
605	0	
606	0	
607	0	
608	0	
609	0	
610	0	
611	0	
612	0	
613	0	
614	0	
615	0	
616	0	
617	0	
618	0	
619	0	
620	0	
621	0	
622	0	
623	0	
624	0	
625	0	
626	0	
627	0	
628	0	
629	0	
630	0	
631	0	
632	0	
633	0	
634	0	
635	0	
636	0	
637	0	
638	0	
639	0	
640	0	
641	0	
642	1	
643	1	
644	1	
645	1	
646	1	
647	0	
648	1	
649	1	
650	2	
651	2	
652	0	
653	0	
654	1	
655	1	
656	1	
657	1	
658	1	
659	2	
660	2	
661	2	
662	2	
663	2	
664	0	
665	0	
666	0	
667	0	
668	0	
669	0	
670	0	
671	0	
672	0	
673	0	
674	2	
675	2	
676	0	
677	0	
678	2	
679	2	
680	2	
681	2	
682	2	
683	2	
684	2	
685	2	
686	2	
687	2	
688	2	
689	2	
690	5	
691	2	
692	1	
693	1	
694	1	
695	0	
696	0	
697	2	
698	2	
699	2	
700	2	
701	2	
702	0	
703	0	
704	0	
705	0	
706	0	
707	0	
708	0	
709	0	
710	0	
711	0	
712	0	
713	0	
714	2	
715	0	
716	2	
717	2	
718	2	
719	2	
720	2	
721	2	
722	0	
723	0	
724	0	
725	0	
726	0	
727	0	
728	0	
729	0	
730	0	
731	0	
732	2	
733	0	
734	1	
735	2	
736	2	
737	0	
738	0	
739	0	
740	2	
741	2	
742	2	
743	2	
744	0	
745	0	
746	2	
747	2	
748	2	
749	2	
750	1	
751	1	
752	1	
753	1	
754	0	
755	0	
756	0	
757	0	
758	0	
759	0	
760	0	
761	0	
762	0	
763	0	
764	0	
765	0	
766	0	
767	0	
768	0	
769	0	
770	0	
771	0	
772	0	
773	0	
774	0	
775	0	
776	0	
777	0	
778	0	
779	0	
780	0	
781	0	
782	0	
783	0	
784	0	
785	0	
786	0	
787	0	
788	0	
789	0	
790	0	
791	0	
792	0	
793	0	
794	0	
795	0	
796	0	
797	0	
798	0	
799	0	
800	0	
801	0	
802	0	
803	0	
804	0	
805	0	
806	2	
807	0	
808	0	
809	0	
810	0	
811	0	
812	0	
813	0	
814	0	
815	0	
816	2	
817	2	
818	0	
819	0	
820	0	
821	0	
822	0	
823	0	
824	1	
825	0	
826	2	
827	0	
828	0	
829	0	
830	0	
831	1	
832	0	
833	0	
834	0	
835	0	
836	0	
837	0	
838	0	
839	0	
840	0	
841	0	
842	0	
843	0	
844	0	
845	0	
846	0	
847	0	
848	0	
849	2	
850	2	
851	0	
852	0	
853	0	
854	0	
855	0	
856	0	
857	0	
858	0	
859	0	
860	0	
861	0	
862	1	
863	1	
864	1	
865	1	
866	1	
867	1	
868	1	
869	1	
870	1	
871	1	
872	1	
873	1	
874	1	
875	1	
876	1	
877	1	
878	1	
879	1	
880	1	
881	1	
882	1	
883	1	
884	1	
885	1	
886	1	
887	1	
888	1	
889	1	
890	1	
891	1	
892	1	
893	1	
894	1	
895	1	
896	0	
897	0	
898	0	
899	0	
900	0	
901	0	
902	0	
903	1	
904	1	
905	0	
906	0	
907	0	
908	0	
909	0	
910	0	
911	0	
912	1	
913	2	
914	1	
915	1	
916	1	
917	1	
918	1	
919	1	
920	1	
921	1	
922	1	
923	0	
924	1	
925	1	
926	2	
927	2	
928	2	
929	0	
930	2	
931	2	
932	1	
933	1	
934	1	
935	2	
936	2	
937	2	
938	2	
939	2	
940	2	
941	2	
942	2	
943	2	
944	2	
945	2	
946	1	
947	0	
948	1	
949	2	
950	0	
951	1	
952	2	
953	0	
954	2	
955	2	
956	0	
957	0	
958	1	
959	1	
960	1	
961	1	
962	1	
963	1	
964	2	
965	2	
966	2	
967	2	
968	0	
969	0	
970	0	
971	0	
972	0	
973	1	
974	0	
975	0	
976	0	
977	0	
978	0	
979	0	
980	0	
981	0	
982	0	
983	0	
984	0	
985	0	
986	0	
987	0	
988	0	
989	0	
990	0	
991	0	
992	1	
993	2	
994	2	
995	2	
996	2	
997	2	
998	0	
999	2	
1000	1	
1001	1	
1002	2	
1003	2	
1004	1	
1005	0	
1006	0	
1007	0	
1008	0	
1009	0	
1010	0	
1011	1	
1012	1	
1013	1	
1014	2	
1015	0	
1016	0	
1017	0	
1018	1	
1019	2	
1020	0	
1021	0	
1022	0	
1023	0	
1024	0	
1025	0	
1026	0	
1027	1	
1028	0	
1029	0	
1030	0	
1031	0	
1032	0	
1033	0	
1034	0	
1035	0	
1036	0	
1037	2	
1038	2	
1039	1	
1040	1	
1041	1	
1042	0	
1043	0	
1044	0	
1045	0	
1046	1	
1047	2	
1048	0	
1049	0	
1050	0	
1051	0	
1052	0	
1053	0	
1054	0	
1055	0	
1056	0	
1057	1	
1058	1	
1059	1	
1060	1	
1061	0	
1062	0	
1063	0	
1064	0	
1065	2	
1066	1	
1067	1	
1068	1	
1069	1	
1070	1	
1071	1	
1072	1	
1073	1	
1074	1	
1075	1	
1076	1	
1077	1	
1078	1	
1079	1	
1080	2	
1081	1	
1082	1	
1083	2	
1084	2	
1085	2	
1086	0	
1087	0	
1088	0	
1089	0	
1090	0	
1091	0	
1092	0	
1093	0	
1094	0	
1095	0	
1096	1	
1097	1	
1098	1	
1099	1	
1100	2	
1101	1	
1102	1	
1103	1	
1104	0	
1105	0	
1106	0	
1107	0	
1108	1	
1109	2	
1110	2	
1111	2	
1112	1	
1113	0	
1114	0	
1115	0	
1116	0	
1117	0	
1118	0	
1119	0	
1120	0	
1121	0	
1122	0	
1123	0	
1124	0	
1125	0	
1126	0	
1127	0	
1128	0	
1129	0	
1130	0	
1131	0	
1132	0	
1133	0	
1134	0	
1135	0	
1136	0	
1137	0	
1138	0	
1139	0	
1140	0	
1141	0	
1142	0	
1143	0	
1144	0	
1145	0	
1146	0	
1147	6	
1148	3	
1149	2	
1150	2	
1151	2	
1152	2	
1153	5	
1154	1	
1155	1	
1156	1	
1157	1	
1158	1	
1159	1	
1160	1	
1161	1	
1162	1	
1163	1	
1164	1	
1165	1	
1166	1	
1167	1	
1168	0	
1169	1	
1170	1	
1171	1	
1172	1	
1173	1	
1174	1	
1175	1	
1176	7	
1177	1	
1178	0	
1179	2	
1180	1	
1181	2	
1182	0	
1183	1	
1184	0	
1185	0	
1186	0	
1187	0	
1188	0	
1189	0	
1190	0	
1191	0	
1192	1	
1193	1	
1194	1	
1195	1	
1196	1	
1197	0	
1198	1	
1199	0	
1200	0	
1201	0	
1202	0	
1203	0	
1204	1	
1205	1	
1206	1	
1207	1	
1208	2	
1209	0	
1210	0	
1211	0	
1212	1	
1213	1	
1214	1	
1215	1	
1216	1	
1217	1	
1218	1	
1219	1	
1220	0	
1221	0	
1222	0	
1223	0	
1224	0	
1225	0	
1226	0	
1227	1	
1228	2	
1229	2	
1230	2	
1231	1	
1232	0	
1233	0	
1234	0	
1235	0	
1236	0	
1237	0	
1238	0	
1239	0	
1240	0	
1241	0	
1242	0	
1243	0	
1244	0	
1245	0	
1246	0	
1247	0	
1248	0	
1249	2	
1250	2	
1251	2	
1252	2	
1253	2	
1254	2	
1255	2	
1256	2	
1257	2	
1258	2	
1259	2	
1260	2	
1261	2	
1262	2	
1263	2	
1264	0	
1265	0	
1266	2	
1267	2	
1268	2	
1269	2	
1270	0	
1271	0	
1272	0	
1273	2	
1274	0	
1275	1	
1276	1	
1277	1	
1278	1	
1279	0	
1280	0	
1281	0	
1282	0	
1283	0	
1284	0	
1285	0	
1286	0	
1287	0	
1288	0	
1289	0	
1290	0	
1291	0	
1292	0	
1293	0	
1294	0	
1295	0	
1296	0	
1297	0	
1298	0	
1299	0	
1300	0	
1301	0	
1302	0	
1303	0	
1304	0	
1305	0	
1306	0	
1307	0	
1308	0	
1309	0	
1310	0	
1311	2	
1312	2	
1313	2	
1314	2	
1315	2	
1316	2	
1317	2	
1318	2	
1319	2	
1320	2	
1321	2	
1322	2	
1323	3	
1324	2	
1325	1	
1326	1	
1327	0	
1328	0	
1329	0	
1330	0	
1331	1	
1332	1	
1333	1	
1334	2	
1335	2	
1336	2	
1337	2	
1338	2	
1339	1	
1340	0	
1341	0	
1342	0	
1343	0	
1344	0	
1345	0	
1346	2	
1347	0	
1348	2	
1349	0	
1350	1	
1351	0	
1352	0	
1353	2	
1354	1	
1355	0	
1356	0	
1357	0	
1358	0	
1359	2	
1360	2	
1361	2	
1362	2	
1363	2	
1364	0	
1365	0	
1366	0	
1367	1	
1368	1	
1369	1	
1370	1	
1371	1	
1372	1	
1373	1	
1374	1	
1375	1	
1376	1	
1377	1	
1378	1	
1379	0	
1380	2	
1381	1	
1382	0	
1383	0	
1384	0	
1385	0	
1386	0	
1387	0	
1388	2	
1389	1	
1390	2	
1391	2	
1392	2	
1393	2	
1394	2	
1395	2	
1396	0	
1397	1	
1398	1	
1399	1	
1400	1	
1401	1	
1402	1	
1403	2	
1404	1	
1405	1	
1406	1	
1407	0	
1408	0	
1409	2	
1410	0	
1411	0	
1412	0	
1413	0	
1414	0	
1415	0	
1416	0	
1417	0	
1418	0	
1419	0	
1420	2	
1421	1	
1422	1	
1423	2	
1424	1	
1425	1	
1426	1	
1427	1	
1428	0	
1429	2	
1430	2	
1431	0	
1432	0	
1433	2	
1434	0	
1435	0	
1436	0	
1437	0	
1438	0	
1439	0	
1440	0	
1441	0	
1442	0	
1443	0	
1444	0	
1445	0	
1446	0	
1447	0	
1448	0	
1449	0	
1450	0	
1451	1	
1452	1	
1453	0	
1454	0	
1455	2	
1456	1	
1457	0	
1458	0	
1459	0	
1460	0	
1461	2	
1462	1	
1463	0	
1464	0	
1465	0	
1466	1	
1467	0	
1468	0	
1469	2	
1470	2	
1471	0	
1472	0	
1473	0	
1474	0	
1475	2	
1476	0	
1477	0	
1478	2	
1479	0	
1480	0	
1481	0	
1482	0	
1483	0	
1484	0	
1485	0	
1486	0	
1487	0	
1488	2	
1489	2	
1490	2	
1491	2	
1492	2	
1493	2	
1494	2	
1495	2	
1496	2	
1497	2	
1498	2	
1499	2	
1500	2	
1501	1	
1502	0	
1503	0	
1504	0	
1505	0	
1506	0	
1507	0	
1508	0	
1509	0	
1510	0	
1511	0	
1512	0	
1513	0	
1514	0	
1515	2	
1516	2	
1517	2	
1518	2	
1519	2	
1520	2	
1521	2	
1522	2	
1523	2	
1524	2	
1525	2	
1526	0	
1527	0	
1528	2	
1529	2	
1530	2	
1531	2	
1532	2	
1533	2	
1534	2	
1535	2	
1536	2	
1537	2	
1538	2	
1539	2	
1540	2	
1541	1	
1542	2	
1543	2	
1544	1	
1545	0	
1546	0	
1547	0	
1548	0	
1549	0	
1550	0	
1551	0	
1552	0	
1553	0	
1554	1	
1555	0	
1556	0	
1557	1	
1558	1	
1559	1	
1560	1	
1561	1	
1562	0	
1563	0	
1564	0	
1565	0	
1566	0	
1567	0	
1568	0	
1569	0	
1570	0	
1571	0	
1572	0	
1573	0	
1574	0	
1575	0	
1576	0	
1577	0	
1578	0	
1579	0	
1580	0	
1581	0	
1582	0	
1583	0	
1584	2	
1585	0	
1586	1	
1587	1	
1588	0	
1589	2	
1590	1	
1591	1	
1592	1	
1593	1	
1594	1	
1595	1	
1596	1	
1597	1	
1598	2	
1599	2	
1600	0	
1601	0	
1602	0	
1603	0	
1604	1	
1605	1	
1606	1	
1607	1	
1608	1	
1609	1	
1610	1	
1611	1	
1612	1	
1613	0	
1614	0	
1615	0	
1616	0	
1617	2	
1618	2	
1619	1	
1620	1	
1621	0	
1622	1	
1623	1	
1624	0	
1625	1	
1626	1	
1627	1	
1628	1	
1629	1	
1630	1	
1631	1	
1632	0	
1633	1	
1634	1	
1635	1	
1636	1	
1637	1	
1638	1	
1639	1	
1640	1	
1641	1	
1642	1	
1643	1	
1644	1	
1645	1	
1646	1	
1647	1	
1648	1	
1649	1	
1650	1	
1651	1	
1652	1	
1653	1	
1654	1	
1655	1	
1656	1	
1657	1	
1658	1	
1659	1	
1660	1	
1661	1	
1662	1	
1663	1	
1664	1	
1665	1	
1666	1	
1667	1	
1668	1	
1669	0	
1670	2	
1671	1	
1672	1	
1673	1	
1674	1	
1675	1	
1676	1	
1677	1	
1678	2	
1679	2	
1680	2	
1681	2	
1682	1	
1683	1	
1684	0	
1685	0	
1686	0	
1687	0	
1688	0	
1689	0	
1690	0	
1691	0	
1692	0	
1693	0	
1694	0	
1695	0	
1696	0	
1697	0	
1698	0	
1699	0	
1700	0	
1701	0	
1702	0	
1703	0	
1704	0	
1705	0	
1706	0	
1707	0	
1708	0	
1709	0	
1710	0	
1711	0	
1712	0	
1713	0	
1714	0	
1715	0	
1716	0	
1717	1	
1718	1	
1719	1	
1720	1	
1721	1	
1722	1	
1723	0	
1724	1	
1725	1	
1726	2	
1727	0	
1728	0	
1729	0	
1730	2	
1731	1	
1732	1	
1733	1	
1734	1	
1735	1	
1736	1	
1737	1	
1738	1	
1739	1	
1740	1	
1741	1	
1742	1	
1743	1	
1744	1	
1745	1	
1746	1	
1747	1	
1748	2	
1749	2	
1750	2	
1751	1	
1752	0	
1753	0	
1754	0	
1755	2	
1756	2	
1757	1	
1758	0	
1759	0	
1760	1	
1761	1	
1762	2	
1763	2	
1764	2	
1765	2	
1766	0	
1767	1	
1768	1	
1769	1	
1770	0	
1771	0	
1772	0	
1773	0	
1774	0	
1775	2	
1776	1	
1777	1	
1778	0	
1779	0	
1780	1	
1781	0	
1782	2	
1783	2	
1784	0	
1785	0	
1786	0	
1787	0	
1788	0	
1789	0	
1790	0	
1791	0	
1792	0	
1793	0	
1794	1	
1795	1	
1796	1	
1797	1	
1798	1	
1799	1	
1800	1	
1801	1	
1802	1	
1803	1	
1804	1	
1805	0	
1806	0	
1807	0	
1808	0	
1809	0	
1810	0	
1811	0	
1812	0	
1813	0	
1814	1	
1815	0	
1816	0	
1817	1	
1818	0	
1819	1	
1820	1	
1821	1	
1822	1	
1823	1	
1824	1	
1825	1	
1826	1	
1827	2	
1828	1	
1829	1	
1830	0	
1831	0	
1832	0	
1833	0	
1834	0	
1835	0	
1836	0	
1837	0	
1838	0	
1839	0	
1840	0	
1841	0	
1842	0	
1843	0	
1844	0	
1845	2	
1846	2	
1847	1	
1848	0	
1849	0	
1850	1	
1851	1	
1852	0	
1853	2	
1854	0	
1855	2	
1856	2	
1857	1	
1858	2	
1859	0	
1860	0	
1861	0	
1862	2	
1863	2	
1864	2	
1865	2	
1866	1	
1867	0	
1868	0	
1869	0	
1870	2	
1871	2	
1872	2	
1873	0	
1874	0	
1875	0	
1876	0	
1877	0	
1878	0	
1879	2	
1880	1	
1881	1	
1882	1	
1883	1	
1884	0	
1885	0	
1886	2	
1887	2	
1888	1	
1889	2	
1890	2	
1891	2	
1892	2	
1893	2	
1894	2	
1895	2	
1896	2	
1897	2	
1898	2	
1899	0	
1900	2	
1901	2	
1902	2	
1903	2	
1904	0	
1905	4	
1906	4	
1907	4	
1908	4	
1909	4	
1910	0	
1911	0	
1912	0	
1913	2	
1914	1	
1915	1	
1916	1	
1917	1	
1918	2	
1919	2	
1920	0	
1921	1	
1922	2	
1923	2	
1924	2	
1925	2	
1926	2	
1927	2	
1928	2	
1929	2	
1930	2	
1931	2	
1932	0	
1933	0	
1934	0	
1935	1	
1936	2	
1937	1	
1938	1	
1939	0	
1940	2	
1941	1	
1942	1	
1943	2	
1944	0	
1945	0	
1946	0	
1947	0	
1948	0	
1949	0	
1950	0	
1951	0	
1952	0	
1953	0	
1954	0	
1955	0	
1956	2	
1957	2	
1958	2	
1959	2	
1960	2	
1961	1	
1962	1	
1963	1	
1964	1	
1965	2	
1966	0	
1967	0	
1968	0	
1969	0	
1970	2	
1971	2	
1972	2	
1973	2	
1974	2	
1975	2	
1976	1	
1977	1	
1978	2	
1979	0	
1980	0	
1981	1	
1982	0	
1983	0	
1984	0	
1985	0	
1986	0	
1987	0	
1988	0	
1989	0	
1990	0	
1991	0	
1992	0	
1993	1	
1994	1	
1995	2	
1996	1	
1997	0	
1998	0	
1999	2	
2000	1	
2001	1	
2002	0	
2003	0	
2004	0	
2005	0	
2006	1	
2007	2	
2008	2	
2009	1	
2010	1	
2011	1	
2012	1	
2013	0	
2014	1	
2015	2	
2016	2	
2017	2	
2018	2	
2019	2	
2020	2	
2021	2	
2022	2	
2023	2	
2024	2	
2025	2	
2026	2	
2027	0	
2028	0	
2029	0	
2030	2	
2031	2	
2032	2	
2033	2	
2034	2	
2035	1	
2036	1	
2037	1	
2038	1	
2039	1	
2040	1	
2041	1	
2042	2	
2043	2	
2044	2	
2045	2	
2046	2	
2047	2	
2048	2	
2049	2	
2050	2	
2051	2	
2052	2	
2053	0	
2054	2	
2055	2	
2056	2	
2057	2	
2058	2	
2059	2	
2060	2	
2061	1	
2062	2	
2063	1	
2064	1	
2065	1	
2066	1	
2067	1	
2068	2	
2069	2	
2070	2	
2071	2	
2072	2	
2073	2	
2074	2	
2075	2	
2076	2	
2077	0	
2078	0	
2079	0	
2080	0	
2081	0	
2082	0	
2083	1	
2084	0	
2085	0	
2086	0	
2087	0	
2088	0	
2089	0	
2090	1	
2091	1	
2092	1	
2093	1	
2094	1	
2095	1	
2096	1	
2097	1	
2098	1	
2099	2	
2100	0	
2101	1	
2102	0	
2103	0	
2104	2	
2105	2	
2106	2	
2107	2	
2108	3	
2109	3	
2110	2	
2111	2	
2112	2	
2113	2	
2114	1	
2115	0	
2116	0	
2117	0	
2118	0	
2119	0	
2120	0	
2121	0	
2122	0	
2123	0	
2124	0	
2125	0	
2126	0	
2127	0	
2128	0	
2129	0	
2130	2	
2131	0	
2132	1	
2133	2	
2134	1	
2135	1	
2136	1	
2137	1	
2138	1	
2139	1	
2140	1	
2141	2	
2142	2	
2143	2	
2144	2	
2145	2	
2146	0	
2147	0	
2148	0	
2149	2	
2150	0	
2151	0	
2152	0	
2153	0	
2154	0	
2155	0	
2156	0	
2157	0	
2158	0	
2159	0	
2160	0	
2161	0	
2162	0	
2163	0	
2164	0	
2165	0	
2166	0	
2167	0	
2168	1	
2169	1	
2170	1	
2171	0	
2172	1	
2173	0	
2174	0	
2175	0	
2176	0	
2177	2	
2178	2	
2179	1	
2180	0	
2181	2	
2182	1	
2183	2	
2184	2	
2185	2	
2186	2	
2187	2	
2188	2	
2189	2	
2190	2	
2191	1	
2192	0	
2193	1	
2194	1	
2195	2	
2196	0	
2197	0	
2198	1	
2199	0	
2200	1	
2201	2	
2202	2	
2203	0	
2204	0	
2205	0	
2206	0	
2207	0	
2208	0	
2209	0	
2210	0	
2211	0	
2212	0	
2213	0	
2214	2	
2215	2	
2216	2	
2217	2	
2218	2	
2219	0	
2220	2	
2221	0	
2222	0	
2223	0	
2224	0	
2225	0	
2226	2	
2227	0	
2228	1	
2229	0	
2230	0	
2231	2	
2232	2	
2233	2	
2234	2	
2235	2	
2236	2	
2237	2	
2238	2	
2239	2	
2240	0	
2241	0	
2242	1	
2243	1	
2244	1	
2245	1	
2246	0	
2247	0	
2248	0	
2249	0	
2250	0	
2251	0	
2252	0	
2253	0	
2254	0	
2255	0	
2256	0	
2257	0	
2258	0	
2259	0	
2260	0	
2261	2	
2262	1	
2263	1	
2264	2	
2265	1	
2266	1	
2267	0	
2268	0	
2269	0	
2270	0	
2271	0	
2272	0	
2273	0	
2274	0	
2275	0	
2276	0	
2277	0	
2278	0	
2279	0	
2280	0	
2281	2	
2282	2	
2283	2	
2284	2	
2285	2	
2286	2	
2287	2	
2288	0	
2289	0	
2290	0	
2291	1	
2292	1	
2293	2	
2294	1	
2295	1	
2296	1	
2297	1	
2298	1	
2299	1	
2300	1	
2301	1	
2302	2	
2303	0	
2304	2	
2305	2	
2306	2	
2307	0	
2308	0	
2309	0	
2310	2	
2311	2	
2312	2	
2313	2	
2314	2	
2315	2	
2316	2	
2317	3	
2318	2	
2319	2	
2320	2	
2321	2	
2322	2	
2323	2	
2324	2	
2325	2	
2326	2	
2327	2	
2328	2	
2329	2	
2330	2	
2331	2	
2332	2	
2333	2	
2334	2	
2335	2	
2336	0	
2337	0	
2338	0	
2339	0	
2340	0	
2341	0	
2342	0	
2343	0	
2344	0	
2345	0	
2346	0	
2347	0	
2348	0	
2349	0	
2350	2	
2351	2	
2352	2	
2353	1	
2354	1	
2355	1	
2356	1	
2357	0	
2358	0	
2359	2	
2360	2	
2361	2	
2362	2	
2363	0	
2364	0	
2365	0	
2366	0	
2367	0	
2368	0	
2369	1	
2370	1	
2371	1	
2372	1	
2373	1	
2374	0	
2375	0	
2376	0	
2377	0	
2378	0	
2379	0	
2380	0	
2381	0	
2382	0	
2383	0	
2384	0	
2385	0	
2386	0	
2387	0	
2388	0	
2389	0	
2390	0	
2391	0	
2392	0	
2393	0	
2394	0	
2395	0	
2396	0	
2397	0	
2398	0	
2399	0	
2400	0	
2401	0	
2402	0	
2403	1	
2404	1	
2405	0	
2406	0	
2407	0	
2408	0	
2409	0	
2410	0	
2411	0	
2412	0	
2413	0	
2414	0	
2415	0	
2416	0	
2417	2	
2418	2	
2419	0	
2420	0	
2421	0	
2422	0	
2423	1	
2424	1	
2425	0	
2426	1	
2427	2	
2428	2	
2429	0	
2430	0	
2431	0	
2432	0	
2433	0	
2434	0	
2435	0	
2436	0	
2437	0	
2438	0	
2439	0	
2440	0	
2441	0	
2442	1	
2443	0	
2444	0	
2445	0	
2446	0	
2447	0	
2448	0	
2449	0	
2450	0	
2451	0	
2452	0	
2453	0	
2454	2	
2455	2	
2456	1	
2457	2	
2458	2	
2459	2	
2460	2	
2461	2	
2462	2	
2463	2	
2464	0	
2465	1	
2466	0	
2467	0	
2468	1	
2469	1	
2470	1	
2471	0	
2472	2	
2473	2	
2474	2	
2475	2	
2476	1	
2477	2	
2478	0	
2479	2	
2480	2	
2481	3	
2482	2	
2483	2	
2484	2	
2485	1	
2486	1	
2487	1	
2488	1	
2489	1	
2490	0	
2491	0	
2492	0	
2493	0	
2494	0	
2495	0	
2496	0	
2497	0	
2498	0	
2499	0	
2500	0	
2501	0	
2502	0	
2503	0	
2504	2	
2505	1	
2506	1	
2507	1	
2508	2	
2509	2	
2510	1	
2511	0	
2512	0	
2513	0	
2514	0	
2515	0	
2516	0	
2517	0	
2518	0	
2519	2	
2520	1	
2521	1	
2522	2	
2523	0	
2524	2	
2525	1	
2526	1	
2527	1	
2528	2	
2529	2	
2530	2	
2531	2	
2532	2	
2533	0	
2534	0	
2535	0	
2536	0	
2537	0	
2538	0	
2539	0	
2540	0	
2541	0	
2542	0	
2543	0	
2544	0	
2545	0	
2546	0	
2547	0	
2548	0	
2549	0	
2550	0	
2551	0	
2552	0	
2553	0	
2554	0	
2555	0	
2556	0	
2557	0	
2558	0	
2559	0	
2560	0	
2561	0	
2562	0	
2563	0	
2564	0	
2565	0	
2566	0	
2567	0	
2568	0	
2569	0	
2570	0	
2571	0	
2572	0	
2573	0	
2574	0	
2575	0	
2576	0	
2577	0	
2578	0	
2579	2	
2580	0	
2581	2	
2582	2	
2583	2	
2584	2	
2585	2	
2586	2	
2587	2	
2588	2	
2589	2	
2590	2	
2591	0	
2592	0	
2593	0	
2594	0	
2595	0	
2596	0	
2597	0	
2598	0	
2599	0	
2600	0	
2601	0	
2602	0	
2603	0	
2604	0	
2605	0	
2606	0	
2607	0	
2608	0	
2609	0	
2610	0	
2611	0	
2612	2	
2613	0	
2614	0	
2615	0	
2616	0	
2617	0	
2618	0	
2619	0	
2620	0	
2621	1	
2622	1	
2623	1	
2624	1	
2625	1	
2626	1	
2627	1	
2628	1	
2629	1	
2630	0	
2631	2	
2632	0	
2633	2	
2634	2	
2635	1	
2636	2	
2637	2	
2638	2	
2639	2	
2640	1	
2641	1	
2642	1	
2643	1	
2644	2	
2645	2	
2646	2	
2647	2	
2648	2	
2649	1	
2650	0	
2651	0	
2652	0	
2653	0	
2654	0	
2655	0	
2656	0	
2657	0	
2658	2	
2659	0	
2660	0	
2661	0	
2662	0	
2663	0	
2664	0	
2665	0	
2666	0	
2667	0	
2668	0	
2669	0	
2670	0	
2671	1	
2672	1	
2673	0	
2674	2	
2675	1	
2676	2	
2677	0	
2678	0	
2679	0	
2680	0	
2681	0	
2682	0	
2683	0	
2684	0	
2685	0	
2686	0	
2687	0	
2688	0	
2689	0	
2690	0	
2691	0	
2692	0	
2693	0	
2694	0	
2695	0	
2696	0	
2697	0	
2698	0	
2699	0	
2700	0	
2701	2	
2702	0	
2703	0	
2704	0	
2705	0	
2706	0	
2707	0	
2708	0	
2709	0	
2710	0	
2711	0	
2712	0	
2713	0	
2714	0	
2715	0	
2716	0	
2717	0	
2718	0	
2719	0	
2720	0	
2721	2	
2722	2	
2723	0	
2724	2	
2725	0	
2726	1	
2727	0	
2728	0	
2729	0	
2730	0	
2731	0	
2732	0	
2733	0	
2734	2	
2735	0	
2736	0	
2737	0	
2738	0	
2739	0	
2740	0	
2741	0	
2742	0	
2743	1	
2744	0	
2745	2	
2746	2	
2747	2	
2748	2	
2749	1	
2750	1	
2751	0	
2752	0	
2753	0	
2754	1	
2755	2	
2756	2	
2757	2	
2758	2	
2759	2	
2760	2	
2761	2	
2762	2	
2763	2	
2764	2	
2765	2	
2766	2	
2767	2	
2768	2	
2769	2	
2770	2	
2771	2	
2772	1	
2773	2	
2774	0	
2775	0	
2776	0	
2777	0	
2778	0	
2779	0	
2780	0	
2781	0	
2782	0	
2783	0	
2784	0	
2785	0	
2786	0	
2787	0	
2788	0	
2789	0	
2790	0	
2791	0	
2792	0	
2793	0	
2794	0	
2795	0	
2796	0	
2797	0	
2798	0	
2799	0	
2800	0	
2801	0	
2802	0	
2803	0	
2804	0	
2805	0	
2806	0	
2807	0	
2808	0	
2809	0	
2810	0	
2811	0	
2812	0	
2813	0	
2814	0	
2815	0	
2816	0	
2817	0	
2818	0	
2819	0	
2820	0	
2821	0	
2822	0	
2823	0	
2824	0	
2825	0	
2826	1	
2827	1	
2828	0	
2829	0	
2830	0	
2831	0	
2832	0	
2833	2	
2834	0	
2835	1	
2836	1	
2837	1	
2838	1	
2839	1	
2840	1	
2841	1	
2842	2	
2843	2	
2844	2	
2845	2	
2846	2	
2847	0	
2848	1	
2849	1	
2850	1	
2851	0	
2852	0	
2853	0	
2854	0	
2855	1	
2856	0	
2857	0	
2858	2	
2859	1	
2860	1	
2861	1	
2862	1	
2863	0	
2864	0	
2865	1	
2866	0	
2867	0	
2868	2	
2869	2	
2870	0	
2871	2	
2872	2	
2873	2	
2874	2	
2875	2	
2876	2	
2877	2	
2878	2	
2879	0	
2880	2	
2881	2	
2882	2	
2883	2	
2884	2	
2885	3	
2886	2	
2887	2	
2888	2	
2889	2	
2890	2	
2891	2	
2892	0	
2893	0	
2894	0	
2895	0	
2896	0	
2897	0	
2898	0	
2899	0	
2900	0	
2901	0	
2902	2	
2903	0	
2904	0	
2905	0	
2906	1	
2907	1	
2908	2	
2909	1	
2910	1	
2911	1	
2912	1	
2913	1	
2914	1	
2915	1	
2916	0	
2917	2	
2918	2	
2919	2	
2920	2	
2921	2	
2922	2	
2923	2	
2924	2	
2925	0	
2926	0	
2927	0	
2928	0	
2929	0	
2930	1	
2931	2	
2932	1	
2933	0	
2934	0	
2935	0	
2936	0	
2937	2	
2938	2	
2939	1	
2940	2	
2941	2	
2942	2	
2943	2	
2944	2	
2945	1	
2946	1	
2947	1	
2948	1	
2949	2	
2950	2	
2951	1	
2952	2	
2953	0	
2954	0	
2955	0	
2956	0	
2957	0	
2958	1	
2959	1	
2960	0	
2961	1	
2962	1	
2963	1	
2964	1	
2965	0	
2966	1	
2967	1	
2968	0	
2969	1	
2970	1	
2971	1	
2972	2	
2973	1	
2974	0	
2975	0	
2976	0	
2977	0	
2978	0	
2979	0	
2980	0	
2981	0	
2982	0	
2983	0	
2984	1	
2985	2	
2986	0	
2987	1	
2988	2	
2989	1	
2990	1	
2991	1	
2992	1	
2993	1	
2994	1	
2995	1	
2996	1	
2997	1	
2998	1	
2999	1	
3000	1	
3001	1	
3002	1	
3003	1	
3004	1	
3005	1	
3006	1	
3007	1	
3008	1	
3009	1	
3010	1	
3011	1	
3012	2	
3013	2	
3014	2	
3015	1	
3016	1	
3017	1	
3018	1	
3019	2	
3020	2	
3021	2	
3022	2	
3023	2	
3024	2	
3025	0	
3026	1	
3027	1	
3028	2	
3029	0	
3030	0	
3031	0	
3032	0	
3033	0	
3034	2	
3035	1	
3036	1	
3037	2	
3038	0	
3039	1	
3040	1	
3041	1	
3042	1	
3043	1	
3044	1	
3045	1	
3046	1	
3047	1	
3048	1	
3049	1	
3050	1	
3051	1	
3052	1	
3053	1	
3054	1	
3055	1	
3056	1	
3057	1	
3058	1	
3059	1	
3060	0	
3061	1	
3062	1	
3063	2	
3064	2	
3065	2	
3066	2	
3067	0	
3068	1	
3069	1	
3070	0	
3071	0	
3072	0	
3073	0	
3074	0	
3075	0	
3076	0	
3077	0	
3078	0	
3079	0	
3080	0	
3081	0	
3082	0	
3083	0	
3084	0	
3085	0	
3086	0	
3087	0	
3088	0	
3089	0	
3090	0	
3091	0	
3092	0	
3093	0	
3094	0	
3095	0	
3096	0	
3097	0	
3098	1	
3099	2	
3100	2	
3101	1	
3102	0	
3103	0	
3104	1	
3105	0	
3106	0	
3107	0	
3108	0	
3109	0	
3110	0	
3111	0	
3112	0	
3113	0	
3114	0	
3115	0	
3116	0	
3117	0	
3118	0	
3119	0	
3120	1	
3121	1	
3122	1	
3123	1	
3124	0	
3125	2	
3126	1	
3127	2	
3128	2	
3129	1	
3130	2	
3131	0	
3132	2	
3133	0	
3134	0	
3135	0	
3136	0	
3137	2	
3138	0	
3139	2	
3140	2	
3141	2	
3142	2	
3143	1	
3144	1	
3145	1	
3146	1	
3147	1	
3148	1	
3149	1	
3150	1	
3151	1	
3152	1	
3153	1	
3154	1	
3155	1	
3156	1	
3157	1	
3158	1	
3159	2	
3160	1	
3161	1	
3162	0	
3163	1	
3164	0	
3165	0	
3166	1	
3167	0	
3168	1	
3169	0	
3170	0	
3171	0	
3172	1	
3173	0	
3174	1	
3175	1	
3176	1	
3177	1	
3178	1	
3179	1	
3180	2	
3181	1	
3182	1	
3183	2	
3184	2	
3185	2	
3186	2	
3187	2	
3188	2	
3189	2	
3190	2	
3191	2	
3192	2	
3193	2	
3194	2	
3195	2	
3196	2	
3197	2	
3198	2	
3199	2	
3200	2	
3201	2	
3202	2	
3203	2	
3204	2	
3205	2	
3206	2	
3207	2	
3208	2	
3209	2	
3210	2	
3211	2	
3212	2	
3213	2	
3214	2	
3215	2	
3216	2	
3217	2	
3218	2	
3219	2	
3220	2	
3221	2	
3222	2	
3223	2	
3224	2	
3225	2	
3226	2	
3227	1	
3228	2	
3229	3	
3230	3	
3231	3	
3232	2	
3233	3	
3234	3	
3235	3	
3236	3	
3237	3	
3238	3	
3239	3	
3240	3	
3241	2	
3242	2	
3243	2	
3244	2	
3245	2	
3246	2	
3247	2	
3248	2	
3249	2	
3250	1	
3251	1	
3252	1	
3253	1	
3254	1	
3255	0	
3256	2	
3257	2	
3258	0	
3259	0	
3260	0	
3261	0	
3262	0	
3263	0	
3264	0	
3265	2	
3266	0	
3267	0	
3268	0	
3269	0	
3270	0	
3271	0	
3272	0	
3273	0	
3274	2	
3275	2	
3276	0	
3277	2	
3278	0	
3279	0	
3280	0	
3281	0	
3282	0	
3283	0	
3284	0	
3285	1	
3286	2	
3287	0	
3288	1	
3289	1	
3290	0	
3291	0	
3292	1	
3293	1	
3294	1	
3295	1	
3296	1	
3297	1	
3298	1	
3299	0	
3300	0	
3301	0	
3302	0	
3303	0	
3304	0	
3305	0	
3306	0	
3307	0	
3308	0	
3309	0	
3310	0	
3311	0	
3312	0	
3313	0	
3314	0	
3315	0	
3316	0	
3317	0	
3318	0	
3319	0	
3320	0	
3321	0	
3322	1	
3323	1	
3324	0	
3325	2	
3326	0	
3327	0	
3328	0	
3329	0	
3330	0	
3331	0	
3332	0	
3333	0	
3334	0	
3335	0	
3336	0	
3337	0	
3338	0	
3339	0	
3340	0	
3341	0	
3342	0	
3343	0	
3344	0	
3345	0	
3346	0	
3347	0	
3348	2	
3349	2	
3350	2	
3351	2	
3352	2	
3353	2	
3354	1	
3355	0	
3356	0	
3357	0	
3358	0	
3359	2	
3360	2	
3361	2	
3362	2	
3363	2	
3364	2	
3365	2	
3366	2	
3367	1	
3368	1	
3369	1	
3370	2	
3371	1	
3372	0	
3373	0	
3374	0	
3375	0	
3376	0	
3377	0	
3378	0	
3379	0	
3380	0	
3381	0	
3382	0	
3383	0	
3384	0	
3385	0	
3386	0	
3387	0	
3388	0	
3389	0	
3390	0	
3391	0	
3392	0	
3393	0	
3394	0	
3395	0	
3396	0	
3397	1	
3398	0	
3399	0	
3400	1	
3401	2	
3402	2	
3403	1	
3404	2	
3405	1	
3406	1	
3407	1	
3408	2	
3409	1	
3410	2	
3411	2	
3412	2	
3413	2	
3414	1	
3415	0	
3416	2	
3417	1	
3418	0	
3419	1	
3420	1	
3421	1	
3422	1	
3423	1	
3424	1	
3425	1	
3426	1	
3427	1	
3428	1	
3429	1	
3430	1	
3431	1	
3432	1	
3433	1	
3434	1	
3435	1	
3436	1	
3437	1	
3438	2	
3439	1	
3440	1	
3441	1	
3442	1	
3443	1	
3444	1	
3445	0	
3446	0	
3447	1	
3448	2	
3449	2	
3450	2	
3451	2	
3452	2	
3453	2	
3454	2	
3455	2	
3456	1	
3457	1	
3458	2	
3459	0	
3460	0	
3461	0	
3462	0	
3463	0	
3464	0	
3465	0	
3466	0	
3467	0	
3468	0	
3469	0	
3470	2	
3471	0	
3472	1	
3473	1	
3474	0	
3475	2	
3476	2	
3477	1	
3478	1	
3479	1	
3480	0	
3481	1	
3482	1	
3483	1	
3484	2	
3485	2	
3486	2	
3487	2	
3488	2	
3489	2	
3490	2	
3491	2	
3492	2	
3493	2	
3494	2	
3495	2	
3496	2	
3497	2	
3498	2	
3499	2	
3500	2	
3501	2	
3502	2	
3503	2	
3504	2	
3505	2	
3506	2	
3507	2	
3508	2	
3509	2	
3510	2	
3511	2	
3512	2	
3513	2	
3514	2	
3515	1	
3516	1	
3517	1	
3518	1	
3519	2	
3520	0	
3521	2	
3522	2	
3523	2	
3524	2	
3525	0	
3526	0	
3527	0	
3528	0	
3529	0	
3530	0	
3531	0	
3532	0	
3533	0	
3534	0	
3535	0	
3536	0	
3537	1	
3538	1	
3539	0	
3540	0	
3541	0	
3542	0	
3543	0	
3544	0	
3545	0	
3546	0	
3547	0	
3548	0	
3549	2	
3550	2	
3551	2	
3552	1	
3553	1	
3554	1	
3555	1	
3556	1	
3557	1	
3558	1	
3559	1	
3560	1	
3561	1	
3562	1	
3563	1	
3564	1	
3565	1	
3566	1	
3567	1	
3568	1	
3569	1	
3570	1	
3571	1	
3572	1	
3573	1	
3574	1	
3575	1	
3576	1	
3577	1	
3578	1	
3579	1	
3580	1	
3581	1	
3582	1	
3583	1	
3584	1	
3585	1	
3586	1	
3587	1	
3588	1	
3589	1	
3590	0	
3591	0	
3592	0	
3593	0	
3594	0	
3595	0	
3596	1	
3597	1	
3598	0	
3599	0	
3600	2	
